<?xml version="1.0" encoding="UTF-8"?>
<beans xmlns="http://www.springframework.org/schema/beans"
       xmlns:xsi="http://www.w3.org/2001/XMLSchema-instance"
       xmlns:context="http://www.springframework.org/schema/context"
       xmlns:tx="http://www.springframework.org/schema/tx"
       xsi:schemaLocation="http://www.springframework.org/schema/beans
       http://www.springframework.org/schema/beans/spring-beans-3.0.xsd
       http://www.springframework.org/schema/tx
       http://www.springframework.org/schema/tx/spring-tx-3.0.xsd
       http://www.springframework.org/schema/context
       http://www.springframework.org/schema/context/spring-context-3.0.xsd">
    <context:component-scan base-package="by.grechishnikov.dao"/>

    <bean id="hicariConfig" class="com.zaxxer.hikari.HikariConfig">
        <property name="poolName" value="springHikariCP"/>
        <property name="connectionTestQuery" value="SELECT 1"/>
        <property name="dataSourceClassName" value="com.mysql.jdbc.jdbc2.optional.MysqlDataSource"/>
        <property name="dataSourceProperties">
            <props>
                <prop key="url">jdbc:mysql://127.0.0.1:3306/voter_app</prop>
                <prop key="user">root</prop>
                <prop key="password">admin</prop>
                <prop key="useUnicode">true</prop>
                <prop key="characterEncoding">UTF-8</prop>
            </props>
        </property>
    </bean>

    <bean id="dataSource" class="com.zaxxer.hikari.HikariDataSource" destroy-method="close">
        <constructor-arg ref="hicariConfig"/>
    </bean>

    <bean id="sessionFactory" class="org.springframework.orm.hibernate5.LocalSessionFactoryBean">
        <property name="dataSource" ref="dataSource"/>
        <property name="packagesToScan">
            <list>
                <value>by.grechishnikov.entity</value>
            </list>
        </property>
        <property name="hibernateProperties">
            <props>
                <prop key="hibernate.show_sql">true</prop>
                <prop key="debug">true</prop>
                <prop key="hibernate.dialect">org.hibernate.dialect.MySQLDialect</prop>
                <prop key="connection.isolation">2</prop>
                <prop key="hibernate.hbm2ddl.auto">validate</prop>
            </props>
        </property>
    </bean>

    <bean id="txManager" class="org.springframework.orm.hibernate5.HibernateTransactionManager">
        <property name="sessionFactory" ref="sessionFactory"/>
    </bean>

    <tx:annotation-driven transaction-manager="txManager"/>
</beans>